<?xml version="1.0" encoding="UTF-8"?>
<!-- Generated by org.testng.reporters.JUnitReportReporter -->
<testsuite hostname="DESKTOP-8OIB6O5" failures="0" tests="2" name="com.Shoppingcart.qa.testCases.RegisterTest" time="20.836" errors="0" timestamp="2023-03-24T12:13:41 IST" skipped="0">
  <testcase classname="com.Shoppingcart.qa.testCases.RegisterTest" name="TC01_VerfiyNewRegister" time="12.584"/>
  <system-out/>
  <testcase classname="com.Shoppingcart.qa.testCases.RegisterTest" name="TC01_VerfiyNewRegister" time="8.252"/>
  <system-out/>
</testsuite> <!-- com.Shoppingcart.qa.testCases.RegisterTest -->
