<?xml version="1.0" encoding="UTF-8"?>
<!-- Generated by org.testng.reporters.JUnitReportReporter -->
<testsuite hostname="DESKTOP-8OIB6O5" failures="0" tests="2" name="com.Shoppingcart.qa.testCases.RegisterTest" time="22.948" errors="0" timestamp="2023-03-24T12:52:02 IST" skipped="0">
  <testcase classname="com.Shoppingcart.qa.testCases.RegisterTest" name="TC01_VerfiyNewRegister" time="12.308"/>
  <system-out/>
  <testcase classname="com.Shoppingcart.qa.testCases.RegisterTest" name="TC01_VerfiyNewRegister" time="10.640"/>
  <system-out/>
</testsuite> <!-- com.Shoppingcart.qa.testCases.RegisterTest -->
